<?xml version="1.0" encoding="UTF-8"?>
<!-- Generated by org.testng.reporters.JUnitReportReporter -->
<testsuite hostname="TheDurranis" failures="0" tests="1" name="com.BootcampQuestions_Tests.LoginPage_Q31_Test" time="6.656" errors="0" timestamp="2024-08-30T03:52:44 EDT" skipped="0">
  <testcase classname="com.BootcampQuestions_Tests.LoginPage_Q31_Test" name="loginTN" time="6.656"/>
</testsuite> <!-- com.BootcampQuestions_Tests.LoginPage_Q31_Test -->
