<?xml version="1.0" encoding="UTF-8"?>
<!-- Generated by org.testng.reporters.JUnitReportReporter -->
<testsuite hostname="TheDurranis" failures="0" tests="1" name="com.Hybrid_Framework_Bootcamp_Q1.BRegisterPage" time="8.258" errors="0" timestamp="2024-08-26T22:44:40 EDT" skipped="0">
  <testcase classname="com.Hybrid_Framework_Bootcamp_Q1.BRegisterPage" name="registerTNUsingCss" time="8.258"/>
  <system-out/>
</testsuite> <!-- com.Hybrid_Framework_Bootcamp_Q1.BRegisterPage -->
