<?xml version="1.0" encoding="UTF-8"?>
<!-- Generated by org.testng.reporters.JUnitReportReporter -->
<testsuite hostname="TheDurranis" failures="0" tests="1" name="com.Hybrid_Framework_Bootcamp_Q1_Tests.ALoginTest" time="8.698" errors="0" timestamp="2024-08-29T00:55:24 EDT" skipped="0">
  <testcase classname="com.Hybrid_Framework_Bootcamp_Q1_Tests.ALoginTest" name="loginTN" time="8.698"/>
</testsuite> <!-- com.Hybrid_Framework_Bootcamp_Q1_Tests.ALoginTest -->
