<?xml version="1.0" encoding="UTF-8"?>
<!-- Generated by org.testng.reporters.JUnitReportReporter -->
<testsuite hostname="TheDurranis" failures="0" tests="1" name="com.BootcampQuestions_Tests.CheckoutPage_Q66_Test" time="3.886" errors="0" timestamp="2024-08-30T15:45:42 EDT" skipped="0">
  <testcase classname="com.BootcampQuestions_Tests.CheckoutPage_Q66_Test" name="checkoutSamsung" time="3.886"/>
</testsuite> <!-- com.BootcampQuestions_Tests.CheckoutPage_Q66_Test -->
