<?xml version="1.0" encoding="UTF-8"?>
<!-- Generated by org.testng.reporters.JUnitReportReporter -->
<testsuite hostname="TheDurranis" failures="0" tests="1" name="com.BootcampQuestions_Tests.LoginPage_Q32_Test" time="6.937" errors="0" timestamp="2024-08-30T04:10:55 EDT" skipped="0">
  <testcase classname="com.BootcampQuestions_Tests.LoginPage_Q32_Test" name="testSuccessfulLogin" time="6.937"/>
</testsuite> <!-- com.BootcampQuestions_Tests.LoginPage_Q32_Test -->
