<?xml version="1.0" encoding="UTF-8"?>
<!-- Generated by org.testng.reporters.JUnitReportReporter -->
<testsuite hostname="TheDurranis" failures="0" tests="1" name="com.BootcampQuestions_Tests.RegistrationPage_Q65_Test" time="9.450" errors="0" timestamp="2024-08-30T15:10:18 EDT" skipped="0">
  <testcase classname="com.BootcampQuestions_Tests.RegistrationPage_Q65_Test" name="verifySuccessfulRegistration" time="9.450"/>
</testsuite> <!-- com.BootcampQuestions_Tests.RegistrationPage_Q65_Test -->
