<?xml version="1.0" encoding="UTF-8"?>
<!-- Generated by org.testng.reporters.JUnitReportReporter -->
<testsuite hostname="TheDurranis" failures="0" tests="1" name="com.thisisatest.Test1" time="1.323" errors="0" timestamp="2024-08-26T21:22:22 EDT" skipped="0">
  <testcase classname="com.thisisatest.Test1" name="searchGoogle" time="1.323"/>
  <system-out/>
</testsuite> <!-- com.thisisatest.Test1 -->
