<?xml version="1.0" encoding="UTF-8"?>
<!-- Generated by org.testng.reporters.JUnitReportReporter -->
<testsuite hostname="TheDurranis" failures="0" tests="1" name="com.BootcampQuestions_Tests.DifferentPage_Q100_Test" time="5.603" errors="0" timestamp="2024-08-30T19:29:07 EDT" skipped="0">
  <testcase classname="com.BootcampQuestions_Tests.DifferentPage_Q100_Test" name="testNavigationAndElementPresence" time="5.603"/>
</testsuite> <!-- com.BootcampQuestions_Tests.DifferentPage_Q100_Test -->
