<?xml version="1.0" encoding="UTF-8"?>
<!-- Generated by org.testng.reporters.JUnitReportReporter -->
<testsuite hostname="TheDurranis" failures="0" tests="1" name="com.Hybrid_Framework_Bootcamp_Q1.ALoginPage" time="7.457" errors="0" timestamp="2024-08-26T22:44:55 EDT" skipped="0">
  <testcase classname="com.Hybrid_Framework_Bootcamp_Q1.ALoginPage" name="loginTN" time="7.457"/>
  <system-out/>
</testsuite> <!-- com.Hybrid_Framework_Bootcamp_Q1.ALoginPage -->
