<?xml version="1.0" encoding="UTF-8"?>
<!-- Generated by org.testng.reporters.JUnitReportReporter -->
<testsuite hostname="TheDurranis" failures="0" tests="1" name="com.BootcampQuestions_Tests.SimplePageTitleTest_Q98" time="5.291" errors="0" timestamp="2024-08-30T19:00:36 EDT" skipped="0">
  <testcase classname="com.BootcampQuestions_Tests.SimplePageTitleTest_Q98" name="checkPageTitle" time="5.291"/>
</testsuite> <!-- com.BootcampQuestions_Tests.SimplePageTitleTest_Q98 -->
