<?xml version="1.0" encoding="UTF-8"?>
<!-- Generated by org.testng.reporters.JUnitReportReporter -->
<testsuite hostname="TheDurranis" failures="0" tests="1" name="com.Hybrid_Framework_Bootcamp_Q1_Tests.CSearchTest" time="4.485" errors="0" timestamp="2024-08-30T20:44:43 EDT" skipped="0">
  <testcase classname="com.Hybrid_Framework_Bootcamp_Q1_Tests.CSearchTest" name="searchProduct" time="4.485"/>
</testsuite> <!-- com.Hybrid_Framework_Bootcamp_Q1_Tests.CSearchTest -->
