<?xml version="1.0" encoding="UTF-8"?>
<!-- Generated by org.testng.reporters.JUnitReportReporter -->
<testsuite hostname="TheDurranis" failures="0" tests="1" name="com.Hybrid_Framework_Bootcamp_Q1_Tests.BRegisterTest" time="6.681" errors="0" timestamp="2024-08-29T01:02:40 EDT" skipped="0">
  <testcase classname="com.Hybrid_Framework_Bootcamp_Q1_Tests.BRegisterTest" name="registerTNUsingCss" time="6.681"/>
</testsuite> <!-- com.Hybrid_Framework_Bootcamp_Q1_Tests.BRegisterTest -->
