<?xml version="1.0" encoding="UTF-8"?>
<!-- Generated by org.testng.reporters.JUnitReportReporter -->
<testsuite hostname="TheDurranis" failures="0" tests="2" name="com.thisisatest.Test2" time="5.025" errors="0" timestamp="2024-08-30T21:32:47 EDT" skipped="1">
  <testcase classname="com.thisisatest.Test2" name="registerAccount" time="5.025"/>
  <system-out/>
  <testcase classname="com.thisisatest.Test2" name="loginWithValidCredentials">
    <skipped/>
  </testcase> <!-- loginWithValidCredentials -->
  <system-out/>
</testsuite> <!-- com.thisisatest.Test2 -->
