<?xml version="1.0" encoding="UTF-8"?>
<!-- Generated by org.testng.reporters.JUnitReportReporter -->
<testsuite hostname="TheDurranis" failures="0" tests="1" name="com.BootcampQuestions_Tests.HomePage_Q67_Test" time="4.066" errors="0" timestamp="2024-08-30T21:32:47 EDT" skipped="0">
  <testcase classname="com.BootcampQuestions_Tests.HomePage_Q67_Test" name="testHomePageElements" time="4.066"/>
  <system-out/>
</testsuite> <!-- com.BootcampQuestions_Tests.HomePage_Q67_Test -->
