<?xml version="1.0" encoding="UTF-8"?>
<!-- Generated by org.testng.reporters.JUnitReportReporter -->
<testsuite hostname="TheDurranis" failures="0" tests="1" name="com.Hybrid_Framework_Bootcamp_Q1_Tests.CSearchTest" time="5.188" errors="0" timestamp="2024-08-30T21:32:47 EDT" skipped="0">
  <testcase classname="com.Hybrid_Framework_Bootcamp_Q1_Tests.CSearchTest" name="searchProduct" time="5.188"/>
  <system-out/>
</testsuite> <!-- com.Hybrid_Framework_Bootcamp_Q1_Tests.CSearchTest -->
