<?xml version="1.0" encoding="UTF-8"?>
<!-- Generated by org.testng.reporters.JUnitReportReporter -->
<testsuite hostname="TheDurranis" failures="0" tests="1" name="com.BootcampQuestions_Tests.CheckoutPage_Q66_Test" time="3.572" errors="0" timestamp="2024-08-30T21:32:47 EDT" skipped="0">
  <testcase classname="com.BootcampQuestions_Tests.CheckoutPage_Q66_Test" name="checkoutSamsung" time="3.572"/>
  <system-out/>
</testsuite> <!-- com.BootcampQuestions_Tests.CheckoutPage_Q66_Test -->
